

Started GET "/" for 127.0.0.1 at 2018-06-11 15:17:57 +0300
Processing by HomeController#index as HTML
  Rendered home/index.html.erb within layouts/application (4.3ms)
Completed 200 OK in 6346ms (Views: 6325.2ms)


Started GET "/assets/jquery.self-c64a74367bda6ef8b860f19e74df08927ca99d2be2ac934e9e92d5fd361e0da4.js?body=1" for 127.0.0.1 at 2018-06-11 15:18:03 +0300


Started GET "/assets/application.self-8f06a73c35179188914ab50e057157639fce1401c1cdca640ac9cec33746fc5b.js?body=1" for 127.0.0.1 at 2018-06-11 15:18:03 +0300


Started GET "/assets/application.self-bcf84202a34cccc6b176d83f32adac8a9cc168de72b06281d640e13e86756eee.css?body=1" for 127.0.0.1 at 2018-06-11 15:18:03 +0300


Started GET "/" for 127.0.0.1 at 2018-06-11 15:20:55 +0300
Processing by HomeController#index as HTML
  Rendered home/index.html.erb within layouts/application (0.7ms)
Completed 200 OK in 32ms (Views: 31.9ms)


Started GET "/" for 127.0.0.1 at 2018-06-11 15:20:59 +0300
Processing by HomeController#index as HTML
  Rendered home/index.html.erb within layouts/application (0.1ms)
Completed 200 OK in 25ms (Views: 24.3ms)


Started GET "/" for 127.0.0.1 at 2018-06-11 15:21:13 +0300
Processing by HomeController#index as HTML
  Rendered home/index.html.erb within layouts/application (0.1ms)
Completed 200 OK in 28ms (Views: 27.5ms)


Started GET "/" for 127.0.0.1 at 2018-06-11 15:22:13 +0300
Processing by HomeController#index as HTML
  Rendered home/index.html.erb within layouts/application (0.8ms)
Completed 200 OK in 32ms (Views: 31.0ms)


Started GET "/" for 127.0.0.1 at 2018-06-11 15:23:08 +0300
Processing by HomeController#index as HTML
  Rendered home/index.html.erb within layouts/application (0.8ms)
Completed 200 OK in 31ms (Views: 30.5ms)


Started GET "/" for 127.0.0.1 at 2018-06-11 15:23:23 +0300
Processing by HomeController#index as HTML
  Rendered home/index.html.erb within layouts/application (0.9ms)
Completed 200 OK in 55ms (Views: 54.3ms)
